{
  "stats": {
    "suites": 1,
    "tests": 1,
    "passes": 1,
    "pending": 0,
    "failures": 0,
    "start": "2020-03-01T09:04:55.657Z",
    "end": "2020-03-01T09:05:24.013Z",
    "duration": 28356,
    "testsRegistered": 1,
    "passPercent": 100,
    "pendingPercent": 0,
    "other": 0,
    "hasOther": false,
    "skipped": 0,
    "hasSkipped": false
  },
  "results": [
    {
      "uuid": "a2c9932a-b7da-417d-b561-34ae251c3e36",
      "title": "",
      "fullFile": "cypress\\integration\\andT_folder\\AT_Framework_1.js",
      "file": "cypress\\integration\\andT_folder\\AT_Framework_1.js",
      "beforeHooks": [],
      "afterHooks": [],
      "tests": [],
      "suites": [
        {
          "uuid": "165f1141-e424-47ed-a435-301b206c7bc4",
          "title": "My Second AndT Test",
          "fullFile": "",
          "file": "",
          "beforeHooks": [],
          "afterHooks": [],
          "tests": [
            {
              "title": "Does not do much!",
              "fullTitle": "My Second AndT Test Does not do much!",
              "timedOut": null,
              "duration": 11299,
              "state": "passed",
              "speed": "slow",
              "pass": true,
              "fail": false,
              "pending": false,
              "context": null,
              "code": "var loginPage = new _LoginPage[\"default\"]();\ncy.visit(Cypress.env('loginUrl'));\nloginPage.getUsernameString().type(this.data.login);\nloginPage.getPasswordString().type(this.data.password); // cy.get(\".CheckBox\").should('have.attr','aria-checked','true');\ncy.get(\".CheckBox\").then(function (el) {\n  var aria = el.prop(\"aria-checked\");\n  cy.log(aria);\n});\ncy.contains('Log In').click();",
              "err": {},
              "uuid": "1bf74e24-09e7-4850-9764-1a017383f4cd",
              "parentUUID": "165f1141-e424-47ed-a435-301b206c7bc4",
              "isHook": false,
              "skipped": false
            }
          ],
          "suites": [],
          "passes": [
            "1bf74e24-09e7-4850-9764-1a017383f4cd"
          ],
          "failures": [],
          "pending": [],
          "skipped": [],
          "duration": 11299,
          "root": false,
          "rootEmpty": false,
          "_timeout": 2000
        }
      ],
      "passes": [],
      "failures": [],
      "pending": [],
      "skipped": [],
      "duration": 0,
      "root": true,
      "rootEmpty": true,
      "_timeout": 2000
    }
  ],
  "meta": {
    "mocha": {
      "version": "7.1.0"
    },
    "mochawesome": {
      "options": {
        "quiet": false,
        "reportFilename": "mochawesome",
        "saveHtml": true,
        "saveJson": true,
        "consoleReporter": "spec",
        "useInlineDiffs": false,
        "code": true
      },
      "version": "5.0.0"
    },
    "marge": {
      "options": {},
      "version": "4.1.0"
    }
  }
}